2024-02-27 17:28:14,531 [INFO] Activator:176 - 


2024-02-27 17:28:14,536 [INFO] Activator:177 - !SESSION log4j initialized
2024-02-27 17:28:21,801 [INFO] LogOutputStream:77 - [STDOUT_REDIRECT] 
2024-02-27 17:28:43,818 [ERROR] LogOutputStream:75 - [STDERR_REDIRECT] SLF4J: Failed to load class "org.slf4j.impl.StaticLoggerBinder".
2024-02-27 17:28:43,828 [ERROR] LogOutputStream:75 - [STDERR_REDIRECT] SLF4J: Defaulting to no-operation (NOP) logger implementation
2024-02-27 17:28:43,830 [ERROR] LogOutputStream:75 - [STDERR_REDIRECT] SLF4J: See http://www.slf4j.org/codes.html#StaticLoggerBinder for further details.
2024-02-27 17:32:29,489 [INFO] ApplicationProperties:184 - Using Application install path: C:\ST\STM32CubeIDE_1.12.0\STM32CubeIDE\plugins\com.st.stm32cube.common.mx_6.8.0.202302231600
2024-02-27 17:32:29,519 [INFO] DbMcusXml:78 - Set database path to: C:\ST\STM32CubeIDE_1.12.0\STM32CubeIDE\plugins\com.st.stm32cube.common.mx_6.8.0.202302231600\\db\/mcu/
2024-02-27 17:32:29,519 [INFO] ApiDb:274 - Set plugin database path to: C:\ST\STM32CubeIDE_1.12.0\STM32CubeIDE\plugins\com.st.stm32cube.common.mx_6.8.0.202302231600\\db\/plugins/boardmanager/
2024-02-27 17:32:29,523 [WARN] ApiDb:259 - Overriding images path with different value:  => C:\ST\STM32CubeIDE_1.12.0\STM32CubeIDE\plugins\com.st.stm32cube.common.mx_6.8.0.202302231600\\db\/plugins/mcufinder/images/
2024-02-27 17:32:29,544 [INFO] ApiDb:250 - Set database path to: C:\Users\LENOVO\.stmcufinder\plugins\mcufinder//mcu/
2024-02-27 17:32:29,548 [INFO] DbMcusAds:125 - Set database path to: C:\Users\LENOVO\.stmcufinder\plugins\mcufinder//mcu/
2024-02-27 17:32:29,934 [INFO] CrossReferenceDbSqlite:203 - Set database path to: C:\Users\LENOVO\.stmcufinder\plugins\mcufinder//mcu/cs/
2024-02-27 17:32:30,131 [INFO] RulesReader:64 - Compatibility file has been processed (293 Rules)
2024-02-27 17:32:30,353 [INFO] DbMcusXml:78 - Set database path to: C:\ST\STM32CubeIDE_1.12.0\STM32CubeIDE\plugins\com.st.stm32cube.common.mx_6.8.0.202302231600\\db\/mcu/
2024-02-27 17:32:30,356 [INFO] ApiDb:274 - Set plugin database path to: C:\ST\STM32CubeIDE_1.12.0\STM32CubeIDE\plugins\com.st.stm32cube.common.mx_6.8.0.202302231600\\db\/plugins/boardmanager/
2024-02-27 17:32:30,357 [INFO] ApiDb:261 - Set plugin images path to: C:\ST\STM32CubeIDE_1.12.0\STM32CubeIDE\plugins\com.st.stm32cube.common.mx_6.8.0.202302231600\\db\/plugins/mcufinder/images/
2024-02-27 17:32:30,358 [WARN] DbFile:41 - Overriding database path with different value: C:\Users\LENOVO\.stmcufinder\plugins\mcufinder/ => C:\Users\LENOVO\.stmcufinder\plugins\mcufinder
2024-02-27 17:32:30,359 [INFO] ApiDb:250 - Set database path to: C:\Users\LENOVO\.stmcufinder\plugins\mcufinder//mcu/
2024-02-27 17:32:30,359 [WARN] DbFile:41 - Overriding database path with different value: C:\Users\LENOVO\.stmcufinder\plugins\mcufinder/ => C:\Users\LENOVO\.stmcufinder\plugins\mcufinder
2024-02-27 17:32:30,359 [INFO] DbMcusAds:125 - Set database path to: C:\Users\LENOVO\.stmcufinder\plugins\mcufinder//mcu/
2024-02-27 17:32:30,359 [WARN] DbFile:41 - Overriding database path with different value: C:\Users\LENOVO\.stmcufinder\plugins\mcufinder/ => C:\Users\LENOVO\.stmcufinder\plugins\mcufinder
2024-02-27 17:32:30,359 [WARN] DbFile:41 - Overriding database path with different value: C:\Users\LENOVO\.stmcufinder\plugins\mcufinder/ => C:\Users\LENOVO\.stmcufinder\plugins\mcufinder
2024-02-27 17:32:30,359 [INFO] CrossReferenceDbSqlite:203 - Set database path to: C:\Users\LENOVO\.stmcufinder\plugins\mcufinder//mcu/cs/
2024-02-27 17:32:30,558 [INFO] MainPanel:253 - HeapMemory: 525336576
2024-02-27 17:32:30,679 [INFO] DbMcusXml:78 - Set database path to: C:\ST\STM32CubeIDE_1.12.0\STM32CubeIDE\plugins\com.st.stm32cube.common.mx_6.8.0.202302231600\\db\/mcu/
2024-02-27 17:32:30,679 [INFO] ApiDb:274 - Set plugin database path to: C:\ST\STM32CubeIDE_1.12.0\STM32CubeIDE\plugins\com.st.stm32cube.common.mx_6.8.0.202302231600\\db\/plugins/boardmanager/
2024-02-27 17:32:30,679 [INFO] ApiDb:261 - Set plugin images path to: C:\ST\STM32CubeIDE_1.12.0\STM32CubeIDE\plugins\com.st.stm32cube.common.mx_6.8.0.202302231600\\db\/plugins/mcufinder/images/
2024-02-27 17:32:30,683 [WARN] DbFile:41 - Overriding database path with different value: C:\Users\LENOVO\.stmcufinder\plugins\mcufinder/ => C:\Users\LENOVO\.stmcufinder\plugins\mcufinder
2024-02-27 17:32:30,683 [INFO] ApiDb:250 - Set database path to: C:\Users\LENOVO\.stmcufinder\plugins\mcufinder//mcu/
2024-02-27 17:32:30,683 [WARN] DbFile:41 - Overriding database path with different value: C:\Users\LENOVO\.stmcufinder\plugins\mcufinder/ => C:\Users\LENOVO\.stmcufinder\plugins\mcufinder
2024-02-27 17:32:30,683 [INFO] DbMcusAds:125 - Set database path to: C:\Users\LENOVO\.stmcufinder\plugins\mcufinder//mcu/
2024-02-27 17:32:30,683 [WARN] DbFile:41 - Overriding database path with different value: C:\Users\LENOVO\.stmcufinder\plugins\mcufinder/ => C:\Users\LENOVO\.stmcufinder\plugins\mcufinder
2024-02-27 17:32:30,684 [WARN] DbFile:41 - Overriding database path with different value: C:\Users\LENOVO\.stmcufinder\plugins\mcufinder/ => C:\Users\LENOVO\.stmcufinder\plugins\mcufinder
2024-02-27 17:32:30,684 [INFO] CrossReferenceDbSqlite:203 - Set database path to: C:\Users\LENOVO\.stmcufinder\plugins\mcufinder//mcu/cs/
2024-02-27 17:32:30,724 [INFO] ApplicationProperties:184 - Using Application install path: C:\ST\STM32CubeIDE_1.12.0\STM32CubeIDE\plugins\com.st.stm32cube.common.mx_6.8.0.202302231600
2024-02-27 17:32:30,726 [INFO] PluginManage:196 - Search for loadable plugins [exclusion list=, ]
2024-02-27 17:32:30,727 [INFO] PluginManage:310 - Check plugin analytics
2024-02-27 17:32:31,113 [INFO] AnalyticsPlugin:253 - Accepted Software Licenses: STM32CubeMX.6.7.0
2024-02-27 17:32:31,113 [INFO] AnalyticsPlugin:255 - Accepted CMSIS Pack Licenses: 
2024-02-27 17:32:31,113 [INFO] AnalyticsPlugin:257 - Accepted Firmware Licenses: FW.F4.1.27.0
2024-02-27 17:32:31,123 [INFO] PluginManage:359 - Loaded plugin analytics (category:tool,tabindex:-1)
2024-02-27 17:32:31,123 [INFO] PluginManage:310 - Check plugin cadmodel
2024-02-27 17:32:31,130 [INFO] CADModel:105 - Init CAD model plugin
2024-02-27 17:32:31,132 [INFO] PluginManage:359 - Loaded plugin cadmodel (category:power,tabindex:5)
2024-02-27 17:32:31,132 [INFO] PluginManage:310 - Check plugin clock
2024-02-27 17:32:31,149 [INFO] PluginManage:359 - Loaded plugin clock (category:base,tabindex:2)
2024-02-27 17:32:31,149 [INFO] PluginManage:310 - Check plugin ddr
2024-02-27 17:32:31,154 [INFO] PluginManage:359 - Loaded plugin ddr (category:tool,tabindex:6)
2024-02-27 17:32:31,154 [INFO] PluginManage:310 - Check plugin filemanager
2024-02-27 17:32:31,397 [INFO] PluginManage:359 - Loaded plugin filemanager (category:base,tabindex:10)
2024-02-27 17:32:31,402 [INFO] PluginManage:310 - Check plugin ipmanager
2024-02-27 17:32:31,415 [INFO] PluginManage:359 - Loaded plugin ipmanager (category:base,tabindex:5)
2024-02-27 17:32:31,415 [INFO] PluginManage:310 - Check plugin lpbam
2024-02-27 17:32:31,426 [INFO] PluginManage:359 - Loaded plugin lpbam (category:base,tabindex:0)
2024-02-27 17:32:31,426 [INFO] PluginManage:310 - Check plugin pinoutandconfiguration
2024-02-27 17:32:31,436 [INFO] PluginManage:359 - Loaded plugin pinoutandconfiguration (category:base,tabindex:1)
2024-02-27 17:32:31,436 [INFO] PluginManage:310 - Check plugin pinoutconfig
2024-02-27 17:32:31,557 [WARN] SupportedApi:132 - Cannot load RTOS API schema: s4s-elt-must-match.1: The content of 'definitions' must match (annotation?, (simpleType | complexType)?, (unique | key | keyref)*)). A problem was found starting at: attribute.
2024-02-27 17:32:31,803 [INFO] PluginManage:359 - Loaded plugin pinoutconfig (category:base,tabindex:0)
2024-02-27 17:32:31,803 [INFO] PluginManage:310 - Check plugin power
2024-02-27 17:32:31,818 [INFO] PluginManage:359 - Loaded plugin power (category:power,tabindex:4)
2024-02-27 17:32:31,818 [INFO] PluginManage:310 - Check plugin projectmanager
2024-02-27 17:32:31,846 [INFO] PluginManage:359 - Loaded plugin projectmanager (category:projectmanager,tabindex:3)
2024-02-27 17:32:31,846 [INFO] PluginManage:310 - Check plugin thirdparty
2024-02-27 17:32:32,053 [WARN] IntegrityCheckThread:84 - waiting for thirdparty lock release [integrity check]
2024-02-27 17:32:32,053 [INFO] PluginManage:359 - Loaded plugin thirdparty (category:base,tabindex:-1)
2024-02-27 17:32:32,053 [INFO] IntegrityCheckThread:86 - entering critical section [integrity check]
2024-02-27 17:32:32,053 [INFO] PluginManage:310 - Check plugin tools
2024-02-27 17:32:32,058 [INFO] ThirdPartyUpdaterWithRetryManager:70 - Updater plugin not ready yet. [1/15]
2024-02-27 17:32:32,058 [INFO] PluginManage:359 - Loaded plugin tools (category:base,tabindex:7)
2024-02-27 17:32:32,059 [INFO] PluginManage:310 - Check plugin tutovideos
2024-02-27 17:32:32,343 [INFO] PluginManage:359 - Loaded plugin tutovideos (category:base,tabindex:-1)
2024-02-27 17:32:32,343 [INFO] PluginManage:310 - Check plugin updater
2024-02-27 17:32:32,363 [INFO] PluginManage:359 - Loaded plugin updater (category:base,tabindex:12)
2024-02-27 17:32:32,363 [INFO] PluginManage:283 - PluginManage : Loaded plugins [15]
2024-02-27 17:32:32,735 [INFO] PinOutPanel:1499 - setPackage(No Configuration,No Configuration)
2024-02-27 17:32:32,823 [INFO] CADModel:165 - CPN selected for project level
2024-02-27 17:32:32,823 [INFO] CADModel:114 - Register for checkConnection events
2024-02-27 17:32:32,869 [INFO] IPUIPlugin:80 - create IPUIPlugin
2024-02-27 17:32:32,869 [INFO] PluginManager:220 - loadIPPluginJar : add adc
2024-02-27 17:32:32,873 [INFO] IPUIPlugin:80 - create IPUIPlugin
2024-02-27 17:32:32,873 [INFO] PluginManager:220 - loadIPPluginJar : add aes
2024-02-27 17:32:32,873 [INFO] IPUIPlugin:80 - create IPUIPlugin
2024-02-27 17:32:32,873 [INFO] PluginManager:220 - loadIPPluginJar : add can
2024-02-27 17:32:32,878 [INFO] IPUIPlugin:80 - create IPUIPlugin
2024-02-27 17:32:32,879 [INFO] PluginManager:220 - loadIPPluginJar : add comp
2024-02-27 17:32:32,880 [INFO] IPUIPlugin:80 - create IPUIPlugin
2024-02-27 17:32:32,880 [INFO] PluginManager:220 - loadIPPluginJar : add cryp
2024-02-27 17:32:32,883 [INFO] IPUIPlugin:80 - create IPUIPlugin
2024-02-27 17:32:32,883 [INFO] PluginManager:220 - loadIPPluginJar : add dfsdm
2024-02-27 17:32:32,898 [INFO] IPUIPlugin:80 - create IPUIPlugin
2024-02-27 17:32:32,899 [INFO] PluginManager:220 - loadIPPluginJar : add dma
2024-02-27 17:32:32,903 [INFO] IPUIPlugin:80 - create IPUIPlugin
2024-02-27 17:32:32,903 [INFO] PluginManager:220 - loadIPPluginJar : add dma3
2024-02-27 17:32:32,903 [INFO] IPUIPlugin:80 - create IPUIPlugin
2024-02-27 17:32:32,903 [INFO] PluginManager:220 - loadIPPluginJar : add fatfs
2024-02-27 17:32:32,913 [INFO] IPUIPlugin:80 - create IPUIPlugin
2024-02-27 17:32:32,913 [INFO] PluginManager:220 - loadIPPluginJar : add fmc
2024-02-27 17:32:32,919 [INFO] IPUIPlugin:80 - create IPUIPlugin
2024-02-27 17:32:32,919 [INFO] PluginManager:220 - loadIPPluginJar : add freertos
2024-02-27 17:32:32,923 [INFO] IPUIPlugin:80 - create IPUIPlugin
2024-02-27 17:32:32,923 [INFO] PluginManager:220 - loadIPPluginJar : add genericplugin
2024-02-27 17:32:32,923 [INFO] IPUIPlugin:80 - create IPUIPlugin
2024-02-27 17:32:32,923 [INFO] PluginManager:220 - loadIPPluginJar : add gfxmmu
2024-02-27 17:32:32,934 [INFO] IPUIPlugin:80 - create IPUIPlugin
2024-02-27 17:32:32,934 [INFO] PluginManager:220 - loadIPPluginJar : add gic
2024-02-27 17:32:32,940 [INFO] IPUIPlugin:80 - create IPUIPlugin
2024-02-27 17:32:32,940 [INFO] PluginManager:220 - loadIPPluginJar : add gpio
2024-02-27 17:32:32,943 [INFO] IPUIPlugin:80 - create IPUIPlugin
2024-02-27 17:32:32,943 [INFO] PluginManager:220 - loadIPPluginJar : add gtzc
2024-02-27 17:32:32,949 [INFO] IPUIPlugin:80 - create IPUIPlugin
2024-02-27 17:32:32,949 [INFO] PluginManager:220 - loadIPPluginJar : add hash
2024-02-27 17:32:32,953 [INFO] IPUIPlugin:80 - create IPUIPlugin
2024-02-27 17:32:32,953 [INFO] PluginManager:220 - loadIPPluginJar : add i2c
2024-02-27 17:32:32,956 [INFO] IPUIPlugin:80 - create IPUIPlugin
2024-02-27 17:32:32,956 [INFO] PluginManager:220 - loadIPPluginJar : add i2s
2024-02-27 17:32:32,959 [INFO] IPUIPlugin:80 - create IPUIPlugin
2024-02-27 17:32:32,959 [INFO] PluginManager:220 - loadIPPluginJar : add i3c
2024-02-27 17:32:32,968 [INFO] IPUIPlugin:80 - create IPUIPlugin
2024-02-27 17:32:32,970 [INFO] PluginManager:220 - loadIPPluginJar : add ipddr
2024-02-27 17:32:32,983 [INFO] IPUIPlugin:80 - create IPUIPlugin
2024-02-27 17:32:32,983 [INFO] PluginManager:220 - loadIPPluginJar : add linkedlist
2024-02-27 17:32:32,983 [INFO] IPUIPlugin:80 - create IPUIPlugin
2024-02-27 17:32:32,983 [INFO] PluginManager:220 - loadIPPluginJar : add lorawan
2024-02-27 17:32:32,989 [INFO] IPUIPlugin:80 - create IPUIPlugin
2024-02-27 17:32:32,989 [INFO] PluginManager:220 - loadIPPluginJar : add ltdc
2024-02-27 17:32:32,999 [INFO] IPUIPlugin:80 - create IPUIPlugin
2024-02-27 17:32:32,999 [INFO] PluginManager:220 - loadIPPluginJar : add mdma
2024-02-27 17:32:33,003 [INFO] IPUIPlugin:80 - create IPUIPlugin
2024-02-27 17:32:33,003 [INFO] PluginManager:220 - loadIPPluginJar : add nvic
2024-02-27 17:32:33,010 [INFO] IPUIPlugin:80 - create IPUIPlugin
2024-02-27 17:32:33,010 [INFO] PluginManager:220 - loadIPPluginJar : add opamp
2024-02-27 17:32:33,013 [INFO] IPUIPlugin:80 - create IPUIPlugin
2024-02-27 17:32:33,013 [INFO] PluginManager:220 - loadIPPluginJar : add openamp
2024-02-27 17:32:33,013 [INFO] IPUIPlugin:80 - create IPUIPlugin
2024-02-27 17:32:33,013 [INFO] PluginManager:220 - loadIPPluginJar : add pdm2pcm
2024-02-27 17:32:33,030 [INFO] IPUIPlugin:80 - create IPUIPlugin
2024-02-27 17:32:33,033 [INFO] PluginManager:220 - loadIPPluginJar : add plateformsettings
2024-02-27 17:32:33,038 [INFO] IPUIPlugin:80 - create IPUIPlugin
2024-02-27 17:32:33,038 [INFO] PluginManager:220 - loadIPPluginJar : add quadspi
2024-02-27 17:32:33,043 [INFO] IPUIPlugin:80 - create IPUIPlugin
2024-02-27 17:32:33,043 [INFO] PluginManager:220 - loadIPPluginJar : add resmgrutility
2024-02-27 17:32:33,043 [INFO] IPUIPlugin:80 - create IPUIPlugin
2024-02-27 17:32:33,048 [INFO] PluginManager:220 - loadIPPluginJar : add sai
2024-02-27 17:32:33,050 [INFO] IPUIPlugin:80 - create IPUIPlugin
2024-02-27 17:32:33,050 [INFO] PluginManager:220 - loadIPPluginJar : add spi
2024-02-27 17:32:33,053 [INFO] IPUIPlugin:80 - create IPUIPlugin
2024-02-27 17:32:33,053 [INFO] PluginManager:220 - loadIPPluginJar : add stm32_wpan
2024-02-27 17:32:33,058 [INFO] IPUIPlugin:80 - create IPUIPlugin
2024-02-27 17:32:33,058 [INFO] PluginManager:220 - loadIPPluginJar : add tim
2024-02-27 17:32:33,063 [INFO] IPUIPlugin:80 - create IPUIPlugin
2024-02-27 17:32:33,063 [INFO] PluginManager:220 - loadIPPluginJar : add touchsensing
2024-02-27 17:32:33,068 [INFO] IPUIPlugin:80 - create IPUIPlugin
2024-02-27 17:32:33,068 [INFO] PluginManager:220 - loadIPPluginJar : add tracer_emb
2024-02-27 17:32:33,070 [INFO] IPUIPlugin:80 - create IPUIPlugin
2024-02-27 17:32:33,070 [INFO] PluginManager:220 - loadIPPluginJar : add ts
2024-02-27 17:32:33,073 [INFO] IPUIPlugin:80 - create IPUIPlugin
2024-02-27 17:32:33,073 [INFO] PluginManager:220 - loadIPPluginJar : add tsc
2024-02-27 17:32:33,073 [INFO] IPUIPlugin:80 - create IPUIPlugin
2024-02-27 17:32:33,073 [INFO] PluginManager:220 - loadIPPluginJar : add ucpd
2024-02-27 17:32:33,080 [INFO] IPUIPlugin:80 - create IPUIPlugin
2024-02-27 17:32:33,080 [INFO] PluginManager:220 - loadIPPluginJar : add usart
2024-02-27 17:32:33,083 [INFO] IPUIPlugin:80 - create IPUIPlugin
2024-02-27 17:32:33,083 [INFO] PluginManager:220 - loadIPPluginJar : add usbx
2024-02-27 17:32:33,276 [INFO] CADModel:165 - CPN selected for project level
2024-02-27 17:32:33,276 [INFO] CADModel:114 - Register for checkConnection events
2024-02-27 17:32:33,276 [FATAL] Updater:308 - Updater called before beeing initialized
2024-02-27 17:32:33,276 [ERROR] CADModel:125 - Updater not yet initialized, retry later 
2024-02-27 17:32:33,553 [INFO] CADModel:165 - CPN selected for project level
2024-02-27 17:32:33,553 [INFO] CADModel:114 - Register for checkConnection events
2024-02-27 17:32:33,553 [FATAL] Updater:308 - Updater called before beeing initialized
2024-02-27 17:32:33,558 [ERROR] CADModel:125 - Updater not yet initialized, retry later 
2024-02-27 17:32:33,563 [FATAL] Updater:308 - Updater called before beeing initialized
2024-02-27 17:32:33,762 [FATAL] Updater:308 - Updater called before beeing initialized
2024-02-27 17:32:33,774 [INFO] DbMcusAds:53 - JSON generation date=Wed Nov 29 13:52:27 TRT 2023 (1701255147349)
2024-02-27 17:32:33,774 [FATAL] Updater:308 - Updater called before beeing initialized
2024-02-27 17:32:33,836 [WARN] DetailPanel:346 - Failed to get advertising image, set to default
2024-02-27 17:32:34,028 [FATAL] Updater:308 - Updater called before beeing initialized
2024-02-27 17:32:34,033 [FATAL] Updater:308 - Updater called before beeing initialized
2024-02-27 17:32:34,033 [FATAL] Updater:308 - Updater called before beeing initialized
2024-02-27 17:32:34,033 [WARN] DetailPanel:346 - Failed to get advertising image, set to default
2024-02-27 17:32:34,033 [FATAL] Updater:308 - Updater called before beeing initialized
2024-02-27 17:32:34,107 [ERROR] Updater:1120 - MainUpdater not yet initialized. External WinMGr cannot be set.
2024-02-27 17:32:34,113 [INFO] Updater:1056 - Updater Version found : 6.8.0
2024-02-27 17:32:34,133 [INFO] ApplicationProperties:184 - Using Application install path: C:\ST\STM32CubeIDE_1.12.0\STM32CubeIDE\plugins\com.st.stm32cube.common.mx_6.8.0.202302231600
2024-02-27 17:32:34,363 [INFO] MainUpdater:2854 - connection check result : 10
2024-02-27 17:32:34,373 [INFO] MainUpdater:283 - Updater Check For Update Now.
2024-02-27 17:32:34,373 [INFO] MicroXplorer:498 - Change Database Version : DB.6.0.80
2024-02-27 17:32:34,713 [INFO] CheckServerUpdateThread:120 - End of CheckServer Thread
2024-02-27 17:32:34,843 [INFO] MainUpdater:2854 - connection check result : 10
2024-02-27 17:32:35,453 [WARN] PackLoader:240 - Cannot read IP mode file for STMicroelectronics.X-CUBE-SMBUS.2.1.0
2024-02-27 17:32:35,466 [WARN] PackLoader:240 - Cannot read IP mode file for STMicroelectronics.X-CUBE-TOUCHGFX.4.23.0
2024-02-27 17:32:35,466 [INFO] ApiDb:581 - Connected to CubeFinder SQLite database (C:\Users\LENOVO\.stmcufinder\plugins\mcufinder\mcu\cube-finder-db.db)
2024-02-27 17:32:35,515 [WARN] PackLoader:240 - Cannot read IP mode file for STMicroelectronics.X-CUBE-AZRTOS-F7.1.1.0
2024-02-27 17:32:35,525 [WARN] PackLoader:240 - Cannot read IP mode file for STMicroelectronics.FP-SNS-MOTENV1.4.3.2
2024-02-27 17:32:35,542 [ERROR] RealEvaluatedCondition:428 - Found unsupported composite condition: CLASS='Data Exchange' GROUP='STM32_MetaDataManager'
2024-02-27 17:32:35,542 [ERROR] RealEvaluatedCondition:428 - Found unsupported composite condition: CLASS='Data Exchange' GROUP='STM32_MetaDataManager'
2024-02-27 17:32:35,544 [WARN] PackLoader:240 - Cannot read IP mode file for STMicroelectronics.FP-SNS-MOTENV1.4.3.1
2024-02-27 17:32:35,556 [WARN] PackLoader:240 - Cannot read IP mode file for STMicroelectronics.FP-SNS-FLIGHT1.5.0.1
2024-02-27 17:32:35,568 [WARN] PackLoader:240 - Cannot read IP mode file for STMicroelectronics.X-CUBE-BLE1.6.2.4
2024-02-27 17:32:35,576 [WARN] PackLoader:240 - Cannot read IP mode file for STMicroelectronics.FP-SNS-FLIGHT1.5.0.2
2024-02-27 17:32:35,591 [WARN] PackLoader:240 - Cannot read IP mode file for STMicroelectronics.X-CUBE-DISPLAY.3.0.0
2024-02-27 17:32:35,603 [INFO] ApiDb:668 - CubeFinder database Data Model version=2.1
2024-02-27 17:32:35,608 [INFO] ApiDb:669 - CubeFinder database Configuration version=3.0.39
2024-02-27 17:32:35,608 [WARN] PackLoader:240 - Cannot read IP mode file for STMicroelectronics.X-CUBE-BLE1.7.0.0
2024-02-27 17:32:35,608 [INFO] ApiDb:670 - CubeFinder database generation date=2024-02-19 (1708350410)
2024-02-27 17:32:35,608 [INFO] ApiDb:671 - CubeFinder database FW Pack versions=[FP-ATR-ASTRA1_V2.0.0, FP-SNS-FLIGHT1_V5.0.1, FP-SNS-FLIGHT1_V5.0.2, FP-SNS-MOTENV1_V4.3.1, FP-SNS-MOTENV1_V4.3.2, FP-SNS-MOTENVWB1_V1.3.1, FP-SNS-SMARTAG2_V1.2.0, STM32Cube_FW_C0_V1.1.0, STM32Cube_FW_F4_V1.28.0, STM32Cube_FW_F7_V1.17.0, STM32Cube_FW_G0_V1.6.2, STM32Cube_FW_G4_V1.5.2, STM32Cube_FW_H5_V0.5.1, STM32Cube_FW_H5_V1.1.1, STM32Cube_FW_H5_V1.2.0RC2, STM32Cube_FW_H7_V1.11.0, STM32Cube_FW_L0_V1.12.2, STM32Cube_FW_L5_V1.5.0, STM32Cube_FW_U5_V1.3.0RC4, STM32Cube_FW_U5_V1.4.0, STM32Cube_FW_WBA_V1.0.0RC1, STM32Cube_FW_WBA_V1.1.0RC1, STM32Cube_FW_WBA_V1.2.0, STM32Cube_FW_WBA_V1.2.0RC2, STM32Cube_FW_WB_V1.15.0RC1, STM32Cube_FW_WB_V1.16.0, STM32Cube_FW_WB_V1.16.0RC2, STM32Cube_FW_WB_V1.18.0, STM32Cube_FW_WL_V1.3.0, X-CUBE-ALGOBUILD_V1.3.0, X-CUBE-ALS_V1.0.1, X-CUBE-AZRTOS-F4_V1.1.0, X-CUBE-AZRTOS-F7_V1.1.0, X-CUBE-AZRTOS-G0_V1.1.0, X-CUBE-AZRTOS-G4_V2.0.0, X-CUBE-AZRTOS-H7_V3.2.0, X-CUBE-AZRTOS-L4_V1.0.0, X-CUBE-AZRTOS-L4_V2.0.0, X-CUBE-AZRTOS-L5_V1.1.0, X-CUBE-AZRTOS-WB_V2.0.0, X-CUBE-AZRTOS-WL_V2.0.0, X-CUBE-BLE1_V7.0.0, X-CUBE-BLE2_V3.3.0, X-CUBE-BLEMGR_V3.0.0, X-CUBE-EEPRMA1_V4.1.0, X-CUBE-EEPRMA1_V5.1.0, X-CUBE-FREERTOS_V1.1.0, X-CUBE-GNSS1_V6.0.0, X-CUBE-MEMS1_V10.0.0, X-CUBE-MEMS1_V9.1.0, X-CUBE-MEMS1_V9.4.0, X-CUBE-MEMS1_V9.6.0, X-CUBE-NFC4_V3.0.0, X-CUBE-NFC7_V1.0.1, X-CUBE-SFXS2LP1_V4.0.0, X-CUBE-SUBG2_V5.0.0, X-CUBE-TOF1_V3.4.0]
2024-02-27 17:32:35,612 [WARN] PackLoader:240 - Cannot read IP mode file for STMicroelectronics.X-CUBE-TOUCHGFX.4.22.0
2024-02-27 17:32:35,623 [WARN] PackLoader:240 - Cannot read IP mode file for STMicroelectronics.X-CUBE-TOUCHGFX.4.22.1
2024-02-27 17:32:35,643 [WARN] PackLoader:240 - Cannot read IP mode file for STMicroelectronics.FP-SNS-SMARTAG2.1.2.0
2024-02-27 17:32:35,668 [INFO] LogOutputStream:77 - [STDOUT_REDIRECT] 1 : Invalid condition id : UX_CORESTACK_Condition cause : null
2024-02-27 17:32:35,668 [INFO] LogOutputStream:77 - [STDOUT_REDIRECT] 1 : Invalid condition id : UX_CORESTACK_Condition cause : null
2024-02-27 17:32:35,668 [INFO] LogOutputStream:77 - [STDOUT_REDIRECT] 1 : Invalid condition id : UX_CORESTACK_Condition cause : null
2024-02-27 17:32:35,673 [INFO] LogOutputStream:77 - [STDOUT_REDIRECT] 1 : Invalid condition id : UX_CORESTACK_Condition cause : null
2024-02-27 17:32:35,677 [INFO] LogOutputStream:77 - [STDOUT_REDIRECT] 1 : Invalid condition id : UX_CORESTACK_Condition cause : null
2024-02-27 17:32:35,688 [WARN] PackLoader:240 - Cannot read IP mode file for STMicroelectronics.X-CUBE-AZRTOS-WL.2.0.0
2024-02-27 17:32:35,704 [WARN] PackLoader:240 - Cannot read IP mode file for WES.I-CUBE-Cesium.1.3.0
2024-02-27 17:32:35,718 [WARN] PackLoader:240 - Cannot read IP mode file for STMicroelectronics.X-CUBE-BLE2.3.3.0
2024-02-27 17:32:35,753 [WARN] PackLoader:240 - Cannot read IP mode file for STMicroelectronics.X-CUBE-TOF1.3.2.0
2024-02-27 17:32:35,779 [WARN] PackLoader:240 - Cannot read IP mode file for STMicroelectronics.X-CUBE-TOUCHGFX.4.21.1
2024-02-27 17:32:35,783 [WARN] PackLoader:240 - Cannot read IP mode file for STMicroelectronics.X-CUBE-TOUCHGFX.4.21.3
2024-02-27 17:32:35,790 [WARN] PackLoader:240 - Cannot read IP mode file for STMicroelectronics.X-CUBE-TOUCHGFX.4.21.4
2024-02-27 17:32:35,803 [INFO] DbBoardsSqlite:226 - include board P-NUCLEO-WB55-NUCLEO as a kit item of type 'Nucleo-64'
2024-02-27 17:32:35,803 [INFO] DbBoardsSqlite:226 - include board P-NUCLEO-WB55-USBDONGLE as a kit item of type 'Nucleo USB Dongle'
2024-02-27 17:32:35,803 [INFO] DbBoardsSqlite:226 - include board STEVAL-IDP005V1 as a kit item of type 'Evaluation Board'
2024-02-27 17:32:35,803 [INFO] DbBoardsSqlite:226 - include board STEVAL-IDP005V2 as a kit item of type 'Evaluation Board'
2024-02-27 17:32:35,915 [WARN] PackLoader:240 - Cannot read IP mode file for STMicroelectronics.X-CUBE-MEMS1.9.4.0
2024-02-27 17:32:35,958 [INFO] ApiDb:240 - Found 297 in-development CPN: [B-G473E-ZEST1S, B-WB1M-WPAN1, B-WL5M-SUBG1, NUCLEO-C031C6, NUCLEO-H503RB, NUCLEO-H563ZI, NUCLEO-U545RE-Q, NUCLEO-U5A5ZJ-Q, NUCLEO-WBA52CG, STEVAL-PROTEUS1, STEVAL-STWINBX1, STM320518-EVAL, STM32C0116-DK, STM32C011D6Y3TR, STM32C011D6Y6TR, STM32C011F4P3, STM32C011F4P6, STM32C011F4U3, STM32C011F4U6TR, STM32C011F6P3, STM32C011F6P6, STM32C011F6U3, STM32C011F6U6TR, STM32C011J4M3, STM32C011J4M6, STM32C011J6M3, STM32C011J6M6, STM32C0316-DK, STM32C031C4T3, STM32C031C4T6, STM32C031C4U3, STM32C031C4U6, STM32C031C6T3, STM32C031C6T6, STM32C031C6U3, STM32C031C6U6, STM32C031F4P3, STM32C031F4P6, STM32C031F6P3, STM32C031F6P6, STM32C031G4U3, STM32C031G4U6, STM32C031G6U3, STM32C031G6U6, STM32C031K4T3, STM32C031K4T6, STM32C031K4U3, STM32C031K4U6, STM32C031K6T3, STM32C031K6T6, STM32C031K6U3, STM32C031K6U6, STM32G071K8TXN, STM32G071K8UXN, STM32G081GBU6N, STM32G081KBT6N, STM32G081KBUXN, STM32G0B1CCT6N, STM32G0B1KCT6, STM32G0B1NEY6TR, STM32G0B1RCT6N, STM32G0C1CCT6, STM32G0C1CCT6N, STM32G0C1CCU6N, STM32G0C1CET6N, STM32G0C1CEU6N, STM32G0C1KCT6, STM32G0C1NEY6TR, STM32G0C1RCI6N, STM32G0C1RCT6N, STM32G0C1REI6N, STM32G0C1RET6N, STM32G0C1VCI6, STM32G0C1VEI6, STM32G471CCT6, STM32G471CCU6, STM32G471CET3, STM32G471CET6, STM32G471CEU3, STM32G471CEU6, STM32G471MCT6, STM32G471MET3, STM32G471MET6, STM32G471MEY6TR, STM32G471QCT6, STM32G471QET3, STM32G471RCT6, STM32G471RET3, STM32G471RET6, STM32G471VCH6, STM32G471VCI6, STM32G471VCT6, STM32G471VEH3, STM32G471VEH6, STM32G471VEI3, STM32G471VEI6, STM32G471VET3, STM32G471VET6, STM32G474CCT6, STM32H503CBT6, STM32H503CBU6, STM32H503EBY6TR, STM32H503KBU6, STM32H503RBT6, STM32H562AGI6, STM32H562AII6, STM32H562IGK6, STM32H562IGT6, STM32H562IIK6, STM32H562IIT6, STM32H562RGT6, STM32H562RGV6, STM32H562RIT6, STM32H562RIV6, STM32H562VGT6, STM32H562VIT6, STM32H562ZGT6, STM32H562ZIT6, STM32H563AGI6, STM32H563AII3Q, STM32H563AII6, STM32H563IGK6, STM32H563IGT6, STM32H563IIK3Q, STM32H563IIK6, STM32H563IIT3Q, STM32H563IIT6, STM32H563MIY3QTR, STM32H563RGT6, STM32H563RGV6, STM32H563RIT6, STM32H563RIV6, STM32H563VGT6, STM32H563VIT3Q, STM32H563VIT6, STM32H563ZGT6, STM32H563ZIT3Q, STM32H563ZIT6, STM32H573AII3Q, STM32H573AII6, STM32H573I-DK, STM32H573IIK3Q, STM32H573IIK6, STM32H573IIT3Q, STM32H573IIT6, STM32H573MIY3QTR, STM32H573RIT6, STM32H573RIV6, STM32H573VIT3Q, STM32H573VIT6, STM32H573ZIT3Q, STM32H573ZIT6, STM32L4R5QGI6STR, STM32MP131AAE3, STM32MP131AAF3, STM32MP131AAG3, STM32MP131CAE3, STM32MP131CAF3, STM32MP131CAG3, STM32MP131DAE7, STM32MP131DAF7, STM32MP131DAG7, STM32MP131FAE7, STM32MP131FAF7, STM32MP131FAG7, STM32MP133AAE3, STM32MP133AAF3, STM32MP133AAG3, STM32MP133CAE3, STM32MP133CAF3, STM32MP133CAG3, STM32MP133DAE7, STM32MP133DAF7, STM32MP133DAG7, STM32MP133FAE7, STM32MP133FAF7, STM32MP133FAG7, STM32MP135AAE3, STM32MP135AAF3, STM32MP135AAG3, STM32MP135CAE3, STM32MP135CAF3, STM32MP135CAG3, STM32MP135DAE7, STM32MP135DAF7, STM32MP135DAG7, STM32MP135F-DK, STM32MP135FAE7, STM32MP135FAF7, STM32MP135FAF7T, STM32MP135FAF7U, STM32MP135FAG7, STM32U535CBT6, STM32U535CBT6Q, STM32U535CBU6, STM32U535CBU6Q, STM32U535CCT6, STM32U535CCT6Q, STM32U535CCU6, STM32U535CCU6Q, STM32U535CET6, STM32U535CET6Q, STM32U535CEU6, STM32U535CEU6Q, STM32U535JEY6QTR, STM32U535NCY6QTR, STM32U535NEY6QTR, STM32U535RBI6, STM32U535RBI6Q, STM32U535RBT6, STM32U535RBT6Q, STM32U535RCI6, STM32U535RCI6Q, STM32U535RCT6, STM32U535RCT6Q, STM32U535REI6, STM32U535REI6Q, STM32U535RET6, STM32U535RET6Q, STM32U535VCI6, STM32U535VCI6Q, STM32U535VCT6, STM32U535VCT6Q, STM32U535VEI6, STM32U535VEI6Q, STM32U535VET6, STM32U535VET6Q, STM32U545CET6, STM32U545CET6Q, STM32U545CEU6, STM32U545CEU6Q, STM32U545JEY6QTR, STM32U545NEY6QTR, STM32U545REI6, STM32U545REI6Q, STM32U545RET6, STM32U545RET6Q, STM32U545VEI6, STM32U545VEI6Q, STM32U545VET6, STM32U545VET6Q, STM32U595AIH6, STM32U595AIH6Q, STM32U595AJH6, STM32U595AJH6Q, STM32U595QII6, STM32U595QII6Q, STM32U595QJI6, STM32U595QJI6Q, STM32U595RIT6, STM32U595RIT6Q, STM32U595RJT6, STM32U595RJT6Q, STM32U595VIT6, STM32U595VIT6Q, STM32U595VJT6, STM32U595VJT6Q, STM32U595ZIT6, STM32U595ZIT6Q, STM32U595ZIY6QTR, STM32U595ZJT6, STM32U595ZJT6Q, STM32U595ZJY6QTR, STM32U599BJY6QTR, STM32U599NIH6Q, STM32U599NJH6Q, STM32U599VIT6Q, STM32U599VJT6, STM32U599VJT6Q, STM32U599ZIT6Q, STM32U599ZIY6QTR, STM32U599ZJT6Q, STM32U599ZJY6QTR, STM32U5A5AJH6, STM32U5A5AJH6Q, STM32U5A5QJI6, STM32U5A5QJI6Q, STM32U5A5RJT6, STM32U5A5RJT6Q, STM32U5A5VJT6, STM32U5A5VJT6Q, STM32U5A5ZJT6, STM32U5A5ZJT6Q, STM32U5A5ZJY6QTR, STM32U5A9BJY6QTR, STM32U5A9J-DK, STM32U5A9NJH6Q, STM32U5A9VJT6Q, STM32U5A9ZJT6Q, STM32U5A9ZJY6QTR, STM32WB1MMCH6, STM32WBA52CEU6, STM32WBA52CEU6T, STM32WBA52CGU6, STM32WBA52CGU6T, STM32WL5MOCH6, STM32WL5MOCH6TR]
2024-02-27 17:32:35,993 [INFO] ApiDb:668 - CubeFinder database Data Model version=2.1
2024-02-27 17:32:35,993 [INFO] ApiDb:669 - CubeFinder database Configuration version=3.0.39
2024-02-27 17:32:35,993 [INFO] ApiDb:670 - CubeFinder database generation date=2024-02-19 (1708350410)
2024-02-27 17:32:35,993 [INFO] ApiDb:671 - CubeFinder database FW Pack versions=[FP-ATR-ASTRA1_V2.0.0, FP-SNS-FLIGHT1_V5.0.1, FP-SNS-FLIGHT1_V5.0.2, FP-SNS-MOTENV1_V4.3.1, FP-SNS-MOTENV1_V4.3.2, FP-SNS-MOTENVWB1_V1.3.1, FP-SNS-SMARTAG2_V1.2.0, STM32Cube_FW_C0_V1.1.0, STM32Cube_FW_F4_V1.28.0, STM32Cube_FW_F7_V1.17.0, STM32Cube_FW_G0_V1.6.2, STM32Cube_FW_G4_V1.5.2, STM32Cube_FW_H5_V0.5.1, STM32Cube_FW_H5_V1.1.1, STM32Cube_FW_H5_V1.2.0RC2, STM32Cube_FW_H7_V1.11.0, STM32Cube_FW_L0_V1.12.2, STM32Cube_FW_L5_V1.5.0, STM32Cube_FW_U5_V1.3.0RC4, STM32Cube_FW_U5_V1.4.0, STM32Cube_FW_WBA_V1.0.0RC1, STM32Cube_FW_WBA_V1.1.0RC1, STM32Cube_FW_WBA_V1.2.0, STM32Cube_FW_WBA_V1.2.0RC2, STM32Cube_FW_WB_V1.15.0RC1, STM32Cube_FW_WB_V1.16.0, STM32Cube_FW_WB_V1.16.0RC2, STM32Cube_FW_WB_V1.18.0, STM32Cube_FW_WL_V1.3.0, X-CUBE-ALGOBUILD_V1.3.0, X-CUBE-ALS_V1.0.1, X-CUBE-AZRTOS-F4_V1.1.0, X-CUBE-AZRTOS-F7_V1.1.0, X-CUBE-AZRTOS-G0_V1.1.0, X-CUBE-AZRTOS-G4_V2.0.0, X-CUBE-AZRTOS-H7_V3.2.0, X-CUBE-AZRTOS-L4_V1.0.0, X-CUBE-AZRTOS-L4_V2.0.0, X-CUBE-AZRTOS-L5_V1.1.0, X-CUBE-AZRTOS-WB_V2.0.0, X-CUBE-AZRTOS-WL_V2.0.0, X-CUBE-BLE1_V7.0.0, X-CUBE-BLE2_V3.3.0, X-CUBE-BLEMGR_V3.0.0, X-CUBE-EEPRMA1_V4.1.0, X-CUBE-EEPRMA1_V5.1.0, X-CUBE-FREERTOS_V1.1.0, X-CUBE-GNSS1_V6.0.0, X-CUBE-MEMS1_V10.0.0, X-CUBE-MEMS1_V9.1.0, X-CUBE-MEMS1_V9.4.0, X-CUBE-MEMS1_V9.6.0, X-CUBE-NFC4_V3.0.0, X-CUBE-NFC7_V1.0.1, X-CUBE-SFXS2LP1_V4.0.0, X-CUBE-SUBG2_V5.0.0, X-CUBE-TOF1_V3.4.0]
2024-02-27 17:32:36,281 [WARN] PackLoader:240 - Cannot read IP mode file for STMicroelectronics.X-CUBE-AI.7.3.0
2024-02-27 17:32:36,296 [WARN] PackLoader:240 - Cannot read IP mode file for STMicroelectronics.X-CUBE-ALGOBUILD.1.3.0
2024-02-27 17:32:36,333 [WARN] PackLoader:240 - Cannot read IP mode file for STMicroelectronics.X-CUBE-AZRTOS-G0.1.1.0
2024-02-27 17:32:36,343 [WARN] PackLoader:240 - Cannot read IP mode file for STMicroelectronics.X-CUBE-NFC4.3.0.0
2024-02-27 17:32:36,363 [WARN] PackLoader:240 - Cannot read IP mode file for STMicroelectronics.X-CUBE-BLEMGR.3.0.0
2024-02-27 17:32:36,378 [WARN] PackLoader:240 - Cannot read IP mode file for STMicroelectronics.X-CUBE-BLEMGR.1.3.0
2024-02-27 17:32:36,388 [WARN] PackLoader:240 - Cannot read IP mode file for STMicroelectronics.FP-ATR-SIGFOX1.3.2.0
2024-02-27 17:32:36,413 [WARN] PackLoader:240 - Cannot read IP mode file for STMicroelectronics.X-CUBE-EEPRMA1.5.1.0
2024-02-27 17:32:36,508 [WARN] PackLoader:240 - Cannot read IP mode file for STMicroelectronics.X-CUBE-MEMS1.9.5.0
2024-02-27 17:32:36,953 [WARN] PackLoader:240 - Cannot read IP mode file for SEGGER.I-CUBE-embOS.1.3.1
2024-02-27 17:32:37,013 [WARN] PackLoader:240 - Cannot read IP mode file for STMicroelectronics.X-CUBE-GNSS1.6.0.0
2024-02-27 17:32:37,053 [WARN] PackLoader:240 - Cannot read IP mode file for STMicroelectronics.X-CUBE-AZRTOS-F4.1.1.0
2024-02-27 17:32:37,098 [WARN] PackLoader:240 - Cannot read IP mode file for STMicroelectronics.X-CUBE-AZRTOS-L5.2.0.0
2024-02-27 17:32:37,203 [WARN] PackLoader:240 - Cannot read IP mode file for STMicroelectronics.X-CUBE-MEMS1.9.6.0
2024-02-27 17:32:37,493 [WARN] PackLoader:240 - Cannot read IP mode file for STMicroelectronics.X-CUBE-EEPRMA1.4.2.0
2024-02-27 17:32:37,503 [WARN] PackLoader:240 - Cannot read IP mode file for ITTIA_DB.I-CUBE-ITTIADB.8.8.0
2024-02-27 17:32:37,513 [WARN] PackLoader:240 - Cannot read IP mode file for emotas.I-CUBE-CANOPEN.1.1.3
2024-02-27 17:32:37,523 [WARN] PackLoader:240 - Cannot read IP mode file for STMicroelectronics.X-CUBE-BLEMGR.2.0.0
2024-02-27 17:32:37,553 [WARN] ConditionMgr:438 - getConditionDescription Invalid condition id : UX DEVICE CLASS RTOS Condition cause : null
2024-02-27 17:32:37,553 [WARN] ConditionMgr:438 - getConditionDescription Invalid condition id : UX DEVICE CLASS RTOS Condition cause : null
2024-02-27 17:32:37,563 [WARN] PackLoader:240 - Cannot read IP mode file for STMicroelectronics.X-CUBE-AZRTOS-H7.3.1.0
2024-02-27 17:32:37,563 [WARN] ConditionMgr:1039 - genDependencies : Invalid condition id : UX DEVICE CLASS RTOS Condition cause : null
2024-02-27 17:32:37,563 [WARN] ConditionMgr:1039 - genDependencies : Invalid condition id : UX DEVICE CLASS RTOS Condition cause : null
2024-02-27 17:32:37,563 [WARN] ConditionMgr:1039 - genDependencies : Invalid condition id : UX DEVICE CLASS RTOS Condition cause : null
2024-02-27 17:32:37,563 [WARN] ConditionMgr:1039 - genDependencies : Invalid condition id : UX DEVICE CLASS RTOS Condition cause : null
2024-02-27 17:32:37,563 [WARN] ConditionMgr:1039 - genDependencies : Invalid condition id : UX DEVICE CLASS RTOS Condition cause : null
2024-02-27 17:32:37,594 [WARN] PackLoader:240 - Cannot read IP mode file for wolfSSL.I-CUBE-wolfSSL.5.5.4
2024-02-27 17:32:37,594 [WARN] PackLoader:240 - Cannot read IP mode file for STMicroelectronics.X-CUBE-NFC7.1.0.1
2024-02-27 17:32:37,604 [WARN] PackLoader:240 - Cannot read IP mode file for STMicroelectronics.X-CUBE-NFC7.1.0.0
2024-02-27 17:32:37,614 [WARN] PackLoader:240 - Cannot read IP mode file for STMicroelectronics.X-CUBE-NFC6.3.0.0
2024-02-27 17:32:37,634 [WARN] PackLoader:240 - Cannot read IP mode file for STMicroelectronics.X-CUBE-EEPRMA1.4.1.0
2024-02-27 17:32:37,634 [WARN] PackLoader:240 - Cannot read IP mode file for STMicroelectronics.X-CUBE-AI.8.1.0
2024-02-27 17:32:37,674 [WARN] ConditionMgr:438 - getConditionDescription Invalid condition id : LAN8742 Phy interface Condition cause : null
2024-02-27 17:32:37,674 [WARN] PackLoader:240 - Cannot read IP mode file for STMicroelectronics.X-CUBE-AZRTOS-L4.2.0.0
2024-02-27 17:32:37,674 [WARN] ConditionMgr:1039 - genDependencies : Invalid condition id : LAN8742 Phy interface Condition cause : null
2024-02-27 17:32:37,674 [WARN] ConditionMgr:1039 - genDependencies : Invalid condition id : LAN8742 Phy interface Condition cause : null
2024-02-27 17:32:37,674 [WARN] ConditionMgr:1039 - genDependencies : Invalid condition id : LAN8742 Phy interface Condition cause : null
2024-02-27 17:32:37,686 [WARN] PackLoader:240 - Cannot read IP mode file for STMicroelectronics.X-CUBE-SFXS2LP1.4.0.0
2024-02-27 17:32:37,745 [WARN] PackLoader:240 - Cannot read IP mode file for STMicroelectronics.X-CUBE-AZRTOS-H7.3.0.0
2024-02-27 17:32:37,755 [WARN] PackLoader:240 - Cannot read IP mode file for STMicroelectronics.X-CUBE-ISPU.1.1.0
2024-02-27 17:32:37,765 [WARN] PackLoader:240 - Cannot read IP mode file for RoweBots.I-CUBE-UNISONRTOS.5.5.0-4
2024-02-27 17:32:37,785 [WARN] PackLoader:240 - Cannot read IP mode file for STMicroelectronics.X-CUBE-AI.8.0.0
2024-02-27 17:32:37,816 [WARN] ConditionMgr:438 - getConditionDescription Invalid condition id : UX DEVICE CLASS RTOS Condition cause : null
2024-02-27 17:32:37,816 [WARN] ConditionMgr:438 - getConditionDescription Invalid condition id : UX DEVICE CLASS RTOS Condition cause : null
2024-02-27 17:32:37,816 [WARN] PackLoader:240 - Cannot read IP mode file for STMicroelectronics.X-CUBE-AZRTOS-WB.2.0.0
2024-02-27 17:32:37,826 [WARN] ConditionMgr:1039 - genDependencies : Invalid condition id : UX DEVICE CLASS RTOS Condition cause : null
2024-02-27 17:32:37,826 [WARN] ConditionMgr:1039 - genDependencies : Invalid condition id : UX DEVICE CLASS RTOS Condition cause : null
2024-02-27 17:32:37,826 [WARN] ConditionMgr:1039 - genDependencies : Invalid condition id : UX DEVICE CLASS RTOS Condition cause : null
2024-02-27 17:32:37,826 [WARN] ConditionMgr:1039 - genDependencies : Invalid condition id : UX DEVICE CLASS RTOS Condition cause : null
2024-02-27 17:32:37,826 [WARN] ConditionMgr:1039 - genDependencies : Invalid condition id : UX DEVICE CLASS RTOS Condition cause : null
2024-02-27 17:32:37,835 [WARN] PackLoader:240 - Cannot read IP mode file for STMicroelectronics.X-CUBE-FREERTOS.1.0.0
2024-02-27 17:32:37,836 [WARN] PackLoader:240 - Cannot read IP mode file for STMicroelectronics.X-CUBE-FREERTOS.1.0.1
2024-02-27 17:32:37,877 [WARN] PackLoader:240 - Cannot read IP mode file for STMicroelectronics.X-CUBE-AZRTOS-L5.1.1.0
2024-02-27 17:32:37,887 [WARN] PackLoader:240 - Cannot read IP mode file for STMicroelectronics.X-CUBE-AI.8.0.1
2024-02-27 17:32:37,907 [WARN] PackLoader:240 - Cannot read IP mode file for STMicroelectronics.X-CUBE-SUBG2.5.0.0
2024-02-27 17:32:37,932 [WARN] PackLoader:240 - Cannot read IP mode file for STMicroelectronics.X-CUBE-TOF1.3.3.1
2024-02-27 17:32:37,978 [WARN] PackLoader:240 - Cannot read IP mode file for STMicroelectronics.X-CUBE-AZRTOS-G4.2.0.0
2024-02-27 17:32:38,019 [WARN] PackLoader:240 - Cannot read IP mode file for STMicroelectronics.X-CUBE-TOF1.3.3.0
2024-02-27 17:32:38,029 [WARN] PackLoader:240 - Cannot read IP mode file for STMicroelectronics.FP-ATR-ASTRA1.1.1.1
2024-02-27 17:32:38,059 [WARN] PackLoader:240 - Cannot read IP mode file for Infineon.AIROC-Wi-Fi-Bluetooth-STM32.1.5.1
2024-02-27 17:32:38,069 [WARN] PackLoader:240 - Cannot read IP mode file for STMicroelectronics.FP-SNS-MOTENVWB1.1.3.1
2024-02-27 17:32:38,089 [WARN] PackLoader:240 - Cannot read IP mode file for STMicroelectronics.X-CUBE-AZRTOS-G4.1.0.0
2024-02-27 17:32:38,130 [WARN] PackLoader:240 - Cannot read IP mode file for STMicroelectronics.X-CUBE-AZRTOS-L4.1.0.0
2024-02-27 17:32:38,140 [WARN] PackLoader:240 - Cannot read IP mode file for STMicroelectronics.X-CUBE-ISPU.2.0.0
2024-02-27 17:32:38,209 [WARN] PackLoader:240 - Cannot read IP mode file for STMicroelectronics.X-CUBE-MEMS1.10.0.0
2024-02-27 17:32:38,502 [WARN] PackLoader:240 - Cannot read IP mode file for STMicroelectronics.X-CUBE-FREERTOS.1.1.0
2024-02-27 17:32:38,522 [WARN] PackLoader:240 - Cannot read IP mode file for STMicroelectronics.X-CUBE-AZRTOS-WL.1.0.0
2024-02-27 17:32:38,532 [WARN] PackLoader:240 - Cannot read IP mode file for portGmbH.I-Cube-SoM-uGOAL.1.1.0
2024-02-27 17:32:38,532 [WARN] PackLoader:240 - Cannot read IP mode file for STMicroelectronics.X-CUBE-ALS.1.0.1
2024-02-27 17:32:38,553 [WARN] PackLoader:240 - Cannot read IP mode file for STMicroelectronics.X-CUBE-AZRTOS-WB.1.1.0
2024-02-27 17:32:38,564 [WARN] PackLoader:240 - Cannot read IP mode file for STMicroelectronics.FP-ATR-ASTRA1.2.0.0
2024-02-27 17:32:38,578 [WARN] PackLoader:240 - Cannot read IP mode file for STMicroelectronics.X-CUBE-TOF1.3.4.0
2024-02-27 17:32:38,654 [WARN] PackLoader:240 - Cannot read IP mode file for STMicroelectronics.X-CUBE-AZRTOS-H7.3.2.0
2024-02-27 17:32:38,664 [INFO] ThirdParty:978 - Integrity check success = true
2024-02-27 17:32:38,664 [INFO] IntegrityCheckThread:100 - exiting critical section [integrity check]
2024-02-27 17:32:38,664 [INFO] IntegrityCheckThread:103 - End integrity checks thread
2024-02-27 17:32:40,179 [INFO] ApiDb:240 - Found 297 in-development CPN: [B-G473E-ZEST1S, B-WB1M-WPAN1, B-WL5M-SUBG1, NUCLEO-C031C6, NUCLEO-H503RB, NUCLEO-H563ZI, NUCLEO-U545RE-Q, NUCLEO-U5A5ZJ-Q, NUCLEO-WBA52CG, STEVAL-PROTEUS1, STEVAL-STWINBX1, STM320518-EVAL, STM32C0116-DK, STM32C011D6Y3TR, STM32C011D6Y6TR, STM32C011F4P3, STM32C011F4P6, STM32C011F4U3, STM32C011F4U6TR, STM32C011F6P3, STM32C011F6P6, STM32C011F6U3, STM32C011F6U6TR, STM32C011J4M3, STM32C011J4M6, STM32C011J6M3, STM32C011J6M6, STM32C0316-DK, STM32C031C4T3, STM32C031C4T6, STM32C031C4U3, STM32C031C4U6, STM32C031C6T3, STM32C031C6T6, STM32C031C6U3, STM32C031C6U6, STM32C031F4P3, STM32C031F4P6, STM32C031F6P3, STM32C031F6P6, STM32C031G4U3, STM32C031G4U6, STM32C031G6U3, STM32C031G6U6, STM32C031K4T3, STM32C031K4T6, STM32C031K4U3, STM32C031K4U6, STM32C031K6T3, STM32C031K6T6, STM32C031K6U3, STM32C031K6U6, STM32G071K8TXN, STM32G071K8UXN, STM32G081GBU6N, STM32G081KBT6N, STM32G081KBUXN, STM32G0B1CCT6N, STM32G0B1KCT6, STM32G0B1NEY6TR, STM32G0B1RCT6N, STM32G0C1CCT6, STM32G0C1CCT6N, STM32G0C1CCU6N, STM32G0C1CET6N, STM32G0C1CEU6N, STM32G0C1KCT6, STM32G0C1NEY6TR, STM32G0C1RCI6N, STM32G0C1RCT6N, STM32G0C1REI6N, STM32G0C1RET6N, STM32G0C1VCI6, STM32G0C1VEI6, STM32G471CCT6, STM32G471CCU6, STM32G471CET3, STM32G471CET6, STM32G471CEU3, STM32G471CEU6, STM32G471MCT6, STM32G471MET3, STM32G471MET6, STM32G471MEY6TR, STM32G471QCT6, STM32G471QET3, STM32G471RCT6, STM32G471RET3, STM32G471RET6, STM32G471VCH6, STM32G471VCI6, STM32G471VCT6, STM32G471VEH3, STM32G471VEH6, STM32G471VEI3, STM32G471VEI6, STM32G471VET3, STM32G471VET6, STM32G474CCT6, STM32H503CBT6, STM32H503CBU6, STM32H503EBY6TR, STM32H503KBU6, STM32H503RBT6, STM32H562AGI6, STM32H562AII6, STM32H562IGK6, STM32H562IGT6, STM32H562IIK6, STM32H562IIT6, STM32H562RGT6, STM32H562RGV6, STM32H562RIT6, STM32H562RIV6, STM32H562VGT6, STM32H562VIT6, STM32H562ZGT6, STM32H562ZIT6, STM32H563AGI6, STM32H563AII3Q, STM32H563AII6, STM32H563IGK6, STM32H563IGT6, STM32H563IIK3Q, STM32H563IIK6, STM32H563IIT3Q, STM32H563IIT6, STM32H563MIY3QTR, STM32H563RGT6, STM32H563RGV6, STM32H563RIT6, STM32H563RIV6, STM32H563VGT6, STM32H563VIT3Q, STM32H563VIT6, STM32H563ZGT6, STM32H563ZIT3Q, STM32H563ZIT6, STM32H573AII3Q, STM32H573AII6, STM32H573I-DK, STM32H573IIK3Q, STM32H573IIK6, STM32H573IIT3Q, STM32H573IIT6, STM32H573MIY3QTR, STM32H573RIT6, STM32H573RIV6, STM32H573VIT3Q, STM32H573VIT6, STM32H573ZIT3Q, STM32H573ZIT6, STM32L4R5QGI6STR, STM32MP131AAE3, STM32MP131AAF3, STM32MP131AAG3, STM32MP131CAE3, STM32MP131CAF3, STM32MP131CAG3, STM32MP131DAE7, STM32MP131DAF7, STM32MP131DAG7, STM32MP131FAE7, STM32MP131FAF7, STM32MP131FAG7, STM32MP133AAE3, STM32MP133AAF3, STM32MP133AAG3, STM32MP133CAE3, STM32MP133CAF3, STM32MP133CAG3, STM32MP133DAE7, STM32MP133DAF7, STM32MP133DAG7, STM32MP133FAE7, STM32MP133FAF7, STM32MP133FAG7, STM32MP135AAE3, STM32MP135AAF3, STM32MP135AAG3, STM32MP135CAE3, STM32MP135CAF3, STM32MP135CAG3, STM32MP135DAE7, STM32MP135DAF7, STM32MP135DAG7, STM32MP135F-DK, STM32MP135FAE7, STM32MP135FAF7, STM32MP135FAF7T, STM32MP135FAF7U, STM32MP135FAG7, STM32U535CBT6, STM32U535CBT6Q, STM32U535CBU6, STM32U535CBU6Q, STM32U535CCT6, STM32U535CCT6Q, STM32U535CCU6, STM32U535CCU6Q, STM32U535CET6, STM32U535CET6Q, STM32U535CEU6, STM32U535CEU6Q, STM32U535JEY6QTR, STM32U535NCY6QTR, STM32U535NEY6QTR, STM32U535RBI6, STM32U535RBI6Q, STM32U535RBT6, STM32U535RBT6Q, STM32U535RCI6, STM32U535RCI6Q, STM32U535RCT6, STM32U535RCT6Q, STM32U535REI6, STM32U535REI6Q, STM32U535RET6, STM32U535RET6Q, STM32U535VCI6, STM32U535VCI6Q, STM32U535VCT6, STM32U535VCT6Q, STM32U535VEI6, STM32U535VEI6Q, STM32U535VET6, STM32U535VET6Q, STM32U545CET6, STM32U545CET6Q, STM32U545CEU6, STM32U545CEU6Q, STM32U545JEY6QTR, STM32U545NEY6QTR, STM32U545REI6, STM32U545REI6Q, STM32U545RET6, STM32U545RET6Q, STM32U545VEI6, STM32U545VEI6Q, STM32U545VET6, STM32U545VET6Q, STM32U595AIH6, STM32U595AIH6Q, STM32U595AJH6, STM32U595AJH6Q, STM32U595QII6, STM32U595QII6Q, STM32U595QJI6, STM32U595QJI6Q, STM32U595RIT6, STM32U595RIT6Q, STM32U595RJT6, STM32U595RJT6Q, STM32U595VIT6, STM32U595VIT6Q, STM32U595VJT6, STM32U595VJT6Q, STM32U595ZIT6, STM32U595ZIT6Q, STM32U595ZIY6QTR, STM32U595ZJT6, STM32U595ZJT6Q, STM32U595ZJY6QTR, STM32U599BJY6QTR, STM32U599NIH6Q, STM32U599NJH6Q, STM32U599VIT6Q, STM32U599VJT6, STM32U599VJT6Q, STM32U599ZIT6Q, STM32U599ZIY6QTR, STM32U599ZJT6Q, STM32U599ZJY6QTR, STM32U5A5AJH6, STM32U5A5AJH6Q, STM32U5A5QJI6, STM32U5A5QJI6Q, STM32U5A5RJT6, STM32U5A5RJT6Q, STM32U5A5VJT6, STM32U5A5VJT6Q, STM32U5A5ZJT6, STM32U5A5ZJT6Q, STM32U5A5ZJY6QTR, STM32U5A9BJY6QTR, STM32U5A9J-DK, STM32U5A9NJH6Q, STM32U5A9VJT6Q, STM32U5A9ZJT6Q, STM32U5A9ZJY6QTR, STM32WB1MMCH6, STM32WBA52CEU6, STM32WBA52CEU6T, STM32WBA52CGU6, STM32WBA52CGU6T, STM32WL5MOCH6, STM32WL5MOCH6TR]
2024-02-27 17:32:40,185 [INFO] DbMcus:216 - Found 3861 MCUs, 3861 are supported
2024-02-27 17:32:40,189 [INFO] ApiDb:423 - Load user favorites file C:\Users\LENOVO/.stm32cubeide/favorites.mcus.txt: 0 item(s)
2024-02-27 17:32:40,189 [INFO] ApiDb:427 - User favorites MCUs=[]
2024-02-27 17:32:40,189 [INFO] DbMcus:222 - Set 0 / 0 favorites MCUs
2024-02-27 17:32:40,747 [INFO] BoardInfo:880 - No configuration file found for board P-NUCLEO-WB55
2024-02-27 17:32:40,747 [INFO] DbBoards:157 - Kit is not supported: P-NUCLEO-WB55
2024-02-27 17:32:40,757 [INFO] BoardInfo:880 - No configuration file found for board STEVAL-BFA001V1B
2024-02-27 17:32:40,757 [INFO] DbBoards:157 - Kit is not supported: STEVAL-BFA001V1B
2024-02-27 17:32:40,757 [INFO] BoardInfo:880 - No configuration file found for board STEVAL-BFA001V2B
2024-02-27 17:32:40,757 [INFO] DbBoards:157 - Kit is not supported: STEVAL-BFA001V2B
2024-02-27 17:32:40,767 [INFO] BoardInfo:880 - No configuration file found for board STEVAL-MKBOXPRO
2024-02-27 17:32:40,767 [INFO] DbBoards:157 - Board is not supported: STEVAL-MKBOXPRO
2024-02-27 17:32:40,773 [INFO] BoardInfo:880 - No configuration file found for board STEVAL-SMARTAG2
2024-02-27 17:32:40,773 [INFO] DbBoards:157 - Board is not supported: STEVAL-SMARTAG2
2024-02-27 17:32:40,967 [INFO] DbBoards:161 - Found 189 boards, 184 are supported
2024-02-27 17:32:40,967 [INFO] ApiDb:423 - Load user favorites file C:\Users\LENOVO/.stm32cubeide/favorites.boards.txt: 1 item(s)
2024-02-27 17:32:40,967 [INFO] ApiDb:427 - User favorites Boards=[STM32F407G-DISC1]
2024-02-27 17:32:40,967 [INFO] DbBoards:190 - Set 1 / 1 favorites Boards
2024-02-27 17:32:40,967 [INFO] McuFinderGlobals:66 - Set McuFinderConnectedMode to true
2024-02-27 17:32:40,988 [INFO] MultiScanPanel:200 - Auto-refresh data requested => check proxy status ongoing
2024-02-27 17:32:40,988 [INFO] FinderPluginLoader:95 - Searching for filters in installed packs
2024-02-27 17:32:44,092 [INFO] LoadUrlFilesThread:185 - End of LoadServerUrlFiles without Thread
2024-02-27 17:32:44,118 [INFO] DetailPanel:341 - Set advertising image to C:/Users/LENOVO/STM32Cube/Repository/\en.prom-stm32wl3-mcu-finder.jpg
2024-02-27 17:45:50,319 [INFO] MultiScanPanel:200 - Auto-refresh data requested => check proxy status ongoing
2024-02-27 17:45:50,551 [INFO] LoadUrlFilesThread:185 - End of LoadServerUrlFiles without Thread
2024-02-27 17:45:50,551 [INFO] DetailPanel:341 - Set advertising image to C:/Users/LENOVO/STM32Cube/Repository/\en.prom-stm32wl3-mcu-finder.jpg
2024-02-27 17:46:25,489 [INFO] BoardResultTable:719 - Unmark Board STM32F407G-DISC1 as favorite
2024-02-27 17:48:51,546 [INFO] McuFinderGlobals:66 - Set McuFinderConnectedMode to true
2024-02-27 17:48:51,554 [INFO] ApiDb:448 - Save user favorites file C:\Users\LENOVO/.stm32cubeide/favorites.mcus.txt: 0 item(s)
2024-02-27 17:48:51,554 [INFO] ApiDb:452 - User favorites MCUs=[]
2024-02-27 17:48:51,554 [INFO] ApiDb:448 - Save user favorites file C:\Users\LENOVO/.stm32cubeide/favorites.boards.txt: 0 item(s)
2024-02-27 17:48:51,554 [INFO] ApiDb:452 - User favorites Boards=[]
